
./struct:	file format mach-o arm64

Disassembly of section __TEXT,__text:

0000000100003f24 <_main>:
100003f24: ff c3 00 d1 	sub	sp, sp, #48
100003f28: fd 7b 02 a9 	stp	x29, x30, [sp, #32]
100003f2c: fd 83 00 91 	add	x29, sp, #32
100003f30: 08 00 00 b0 	adrp	x8, 0x100004000 <_main+0x10>
100003f34: 08 05 40 f9 	ldr	x8, [x8, #8]
100003f38: 08 01 40 f9 	ldr	x8, [x8]
100003f3c: a8 83 1f f8 	stur	x8, [x29, #-8]
100003f40: ff 0b 00 b9 	str	wzr, [sp, #8]
100003f44: e0 33 00 91 	add	x0, sp, #12
100003f48: 01 00 00 90 	adrp	x1, 0x100003000 <_main+0x24>
100003f4c: 21 c0 3e 91 	add	x1, x1, #4016
100003f50: 42 01 80 d2 	mov	x2, #10
100003f54: 14 00 00 94 	bl	0x100003fa4 <___strcpy_chk+0x100003fa4>
100003f58: 68 05 80 52 	mov	w8, #43
100003f5c: e8 5b 00 39 	strb	w8, [sp, #22]
100003f60: 88 15 80 52 	mov	w8, #172
100003f64: e8 5f 00 39 	strb	w8, [sp, #23]
100003f68: 08 00 00 b0 	adrp	x8, 0x100004000 <_main+0x48>
100003f6c: 08 05 40 f9 	ldr	x8, [x8, #8]
100003f70: 08 01 40 f9 	ldr	x8, [x8]
100003f74: a9 83 5f f8 	ldur	x9, [x29, #-8]
100003f78: 08 01 09 eb 	subs	x8, x8, x9
100003f7c: c1 00 00 54 	b.ne	0x100003f94 <_main+0x70>
100003f80: 01 00 00 14 	b	0x100003f84 <_main+0x60>
100003f84: 00 00 80 52 	mov	w0, #0
100003f88: fd 7b 42 a9 	ldp	x29, x30, [sp, #32]
100003f8c: ff c3 00 91 	add	sp, sp, #48
100003f90: c0 03 5f d6 	ret
100003f94: 01 00 00 94 	bl	0x100003f98 <___strcpy_chk+0x100003f98>

Disassembly of section __TEXT,__stubs:

0000000100003f98 <__stubs>:
100003f98: 10 00 00 b0 	adrp	x16, 0x100004000 <__stubs+0x4>
100003f9c: 10 02 40 f9 	ldr	x16, [x16]
100003fa0: 00 02 1f d6 	br	x16
100003fa4: 10 00 00 b0 	adrp	x16, 0x100004000 <__stubs+0x10>
100003fa8: 10 0a 40 f9 	ldr	x16, [x16, #16]
100003fac: 00 02 1f d6 	br	x16

Disassembly of section __TEXT,__cstring:

0000000100003fb0 <__cstring>:
100003fb0: 46 61 62 69 	ldpsw	x6, x24, [x10, #-240]
100003fb4: 6f          	<unknown>
100003fb5: 00          	<unknown>

Disassembly of section __TEXT,__unwind_info:

0000000100003fb8 <__unwind_info>:
100003fb8: 01 00 00 00 	udf	#1
100003fbc: 1c 00 00 00 	udf	#28
100003fc0: 00 00 00 00 	udf	#0
100003fc4: 1c 00 00 00 	udf	#28
100003fc8: 00 00 00 00 	udf	#0
100003fcc: 1c 00 00 00 	udf	#28
100003fd0: 02 00 00 00 	udf	#2
100003fd4: 24 3f 00 00 	udf	#16164
100003fd8: 34 00 00 00 	udf	#52
100003fdc: 34 00 00 00 	udf	#52
100003fe0: 99 3f 00 00 	udf	#16281
100003fe4: 00 00 00 00 	udf	#0
100003fe8: 34 00 00 00 	udf	#52
100003fec: 03 00 00 00 	udf	#3
100003ff0: 0c 00 01 00 	<unknown>
100003ff4: 10 00 01 00 	<unknown>
100003ff8: 00 00 00 00 	udf	#0
100003ffc: 00 00 00 04 	<unknown>

Disassembly of section __DATA_CONST,__got:

0000000100004000 <__got>:
100004000: 00 00 00 00 	udf	#0
100004004: 00 00 10 80 	<unknown>
100004008: 01 00 00 00 	udf	#1
10000400c: 00 00 10 80 	<unknown>
100004010: 02 00 00 00 	udf	#2
100004014: 00 00 00 80 	<unknown>
